# JRE version: OpenJDK Runtime Environment (15.0.2+7) (build 15.0.2+7-27)
# Java VM: OpenJDK 64-Bit Server VM (15.0.2+7-27, mixed mode, sharing, tiered, compressed oops, g1 gc, windows-amd64)
GC Precious Log:
 CPUs: 4 total, 4 available
 Memory: 7879M
 Large Page Support: Disabled
 NUMA Support: Disabled
 Compressed Oops: Enabled (32-bit)
 Heap Region Size: 1M
 Heap Min Capacity: 8M
 Heap Initial Capacity: 124M
 Heap Max Capacity: 1970M
 Pre-touch: Disabled
 Parallel Workers: 4
 Concurrent Workers: 1
 Concurrent Refinement Workers: 4
 Periodic GC: Disabled
Heap:
 garbage-first heap   total 61440K, used 41801K [0x0000000084e00000, 0x0000000100000000)
  region size 1024K, 20 young (20480K), 4 survivors (4096K)
 Metaspace       used 53889K, capacity 54456K, committed 54576K, reserved 1095680K
  class space    used 7251K, capacity 7445K, committed 7552K, reserved 1048576K
GC Heap History (20 events):
Event: 6.660 GC heap before
{Heap before GC invocations=4 (full 0):
 garbage-first heap   total 126976K, used 44466K [0x0000000084e00000, 0x0000000100000000)
  region size 1024K, 38 young (38912K), 5 survivors (5120K)
 Metaspace       used 20771K, capacity 21161K, committed 21296K, reserved 1067008K
  class space    used 2774K, capacity 2896K, committed 2944K, reserved 1048576K
}
Event: 6.672 GC heap after
{Heap after GC invocations=5 (full 0):
 garbage-first heap   total 126976K, used 13419K [0x0000000084e00000, 0x0000000100000000)
  region size 1024K, 6 young (6144K), 6 survivors (6144K)
 Metaspace       used 20771K, capacity 21161K, committed 21296K, reserved 1067008K
  class space    used 2774K, capacity 2896K, committed 2944K, reserved 1048576K
}
Event: 7.556 GC heap before
{Heap before GC invocations=6 (full 0):
 garbage-first heap   total 51200K, used 36971K [0x0000000084e00000, 0x0000000100000000)
  region size 1024K, 30 young (30720K), 6 survivors (6144K)
 Metaspace       used 24015K, capacity 24433K, committed 24624K, reserved 1071104K
  class space    used 3204K, capacity 3360K, committed 3456K, reserved 1048576K
}
Event: 7.579 GC heap after
{Heap after GC invocations=7 (full 0):
 garbage-first heap   total 51200K, used 16113K [0x0000000084e00000, 0x0000000100000000)
  region size 1024K, 3 young (3072K), 3 survivors (3072K)
 Metaspace       used 24015K, capacity 24433K, committed 24624K, reserved 1071104K
  class space    used 3204K, capacity 3360K, committed 3456K, reserved 1048576K
}
Event: 7.585 GC heap before
{Heap before GC invocations=7 (full 0):
 garbage-first heap   total 51200K, used 35569K [0x0000000084e00000, 0x0000000100000000)
  region size 1024K, 23 young (23552K), 3 survivors (3072K)
 Metaspace       used 24015K, capacity 24433K, committed 24624K, reserved 1071104K
  class space    used 3204K, capacity 3360K, committed 3456K, reserved 1048576K
}
Event: 7.592 GC heap after
{Heap after GC invocations=8 (full 0):
 garbage-first heap   total 61440K, used 15525K [0x0000000084e00000, 0x0000000100000000)
  region size 1024K, 1 young (1024K), 1 survivors (1024K)
 Metaspace       used 24015K, capacity 24433K, committed 24624K, reserved 1071104K
  class space    used 3204K, capacity 3360K, committed 3456K, reserved 1048576K
}
Event: 8.240 GC heap before
{Heap before GC invocations=8 (full 0):
 garbage-first heap   total 61440K, used 45221K [0x0000000084e00000, 0x0000000100000000)
  region size 1024K, 31 young (31744K), 1 survivors (1024K)
 Metaspace       used 26599K, capacity 27013K, committed 27184K, reserved 1073152K
  class space    used 3518K, capacity 3688K, committed 3712K, reserved 1048576K
}
Event: 8.246 GC heap after
{Heap after GC invocations=9 (full 0):
 garbage-first heap   total 61440K, used 16528K [0x0000000084e00000, 0x0000000100000000)
  region size 1024K, 2 young (2048K), 2 survivors (2048K)
 Metaspace       used 26599K, capacity 27013K, committed 27184K, reserved 1073152K
  class space    used 3518K, capacity 3688K, committed 3712K, reserved 1048576K
}
Event: 10.962 GC heap before
{Heap before GC invocations=9 (full 0):
 garbage-first heap   total 61440K, used 44176K [0x0000000084e00000, 0x0000000100000000)
  region size 1024K, 30 young (30720K), 2 survivors (2048K)
 Metaspace       used 35277K, capacity 35727K, committed 35888K, reserved 1081344K
  class space    used 4733K, capacity 4880K, committed 4992K, reserved 1048576K
}
Event: 10.968 GC heap after
{Heap after GC invocations=10 (full 0):
 garbage-first heap   total 61440K, used 19522K [0x0000000084e00000, 0x0000000100000000)
  region size 1024K, 4 young (4096K), 4 survivors (4096K)
 Metaspace       used 35277K, capacity 35727K, committed 35888K, reserved 1081344K
  class space    used 4733K, capacity 4880K, committed 4992K, reserved 1048576K
}
Event: 11.371 GC heap before
{Heap before GC invocations=11 (full 0):
 garbage-first heap   total 61440K, used 47170K [0x0000000084e00000, 0x0000000100000000)
  region size 1024K, 31 young (31744K), 4 survivors (4096K)
 Metaspace       used 37799K, capacity 38271K, committed 38448K, reserved 1083392K
  class space    used 5042K, capacity 5210K, committed 5248K, reserved 1048576K
}
Event: 11.378 GC heap after
{Heap after GC invocations=12 (full 0):
 garbage-first heap   total 61440K, used 20340K [0x0000000084e00000, 0x0000000100000000)
  region size 1024K, 1 young (1024K), 1 survivors (1024K)
 Metaspace       used 37799K, capacity 38271K, committed 38448K, reserved 1083392K
  class space    used 5042K, capacity 5210K, committed 5248K, reserved 1048576K
}
Event: 11.868 GC heap before
{Heap before GC invocations=13 (full 0):
 garbage-first heap   total 61440K, used 47988K [0x0000000084e00000, 0x0000000100000000)
  region size 1024K, 28 young (28672K), 1 survivors (1024K)
 Metaspace       used 41019K, capacity 41460K, committed 41648K, reserved 1085440K
  class space    used 5466K, capacity 5630K, committed 5632K, reserved 1048576K
}
Event: 11.874 GC heap after
{Heap after GC invocations=14 (full 0):
 garbage-first heap   total 61440K, used 20987K [0x0000000084e00000, 0x0000000100000000)
  region size 1024K, 2 young (2048K), 2 survivors (2048K)
 Metaspace       used 41019K, capacity 41460K, committed 41648K, reserved 1085440K
  class space    used 5466K, capacity 5630K, committed 5632K, reserved 1048576K
}
Event: 12.810 GC heap before
{Heap before GC invocations=14 (full 0):
 garbage-first heap   total 61440K, used 48635K [0x0000000084e00000, 0x0000000100000000)
  region size 1024K, 29 young (29696K), 2 survivors (2048K)
 Metaspace       used 46429K, capacity 46928K, committed 47024K, reserved 1089536K
  class space    used 6221K, capacity 6381K, committed 6400K, reserved 1048576K
}
Event: 12.816 GC heap after
{Heap after GC invocations=15 (full 0):
 garbage-first heap   total 61440K, used 22894K [0x0000000084e00000, 0x0000000100000000)
  region size 1024K, 4 young (4096K), 4 survivors (4096K)
 Metaspace       used 46429K, capacity 46928K, committed 47024K, reserved 1089536K
  class space    used 6221K, capacity 6381K, committed 6400K, reserved 1048576K
}
Event: 13.248 GC heap before
{Heap before GC invocations=15 (full 0):
 garbage-first heap   total 61440K, used 48494K [0x0000000084e00000, 0x0000000100000000)
  region size 1024K, 29 young (29696K), 4 survivors (4096K)
 Metaspace       used 48356K, capacity 48855K, committed 49200K, reserved 1091584K
  class space    used 6531K, capacity 6678K, committed 6784K, reserved 1048576K
}
Event: 13.256 GC heap after
{Heap after GC invocations=16 (full 0):
 garbage-first heap   total 61440K, used 24584K [0x0000000084e00000, 0x0000000100000000)
  region size 1024K, 4 young (4096K), 4 survivors (4096K)
 Metaspace       used 48356K, capacity 48855K, committed 49200K, reserved 1091584K
  class space    used 6531K, capacity 6678K, committed 6784K, reserved 1048576K
}
Event: 13.928 GC heap before
{Heap before GC invocations=16 (full 0):
 garbage-first heap   total 61440K, used 47112K [0x0000000084e00000, 0x0000000100000000)
  region size 1024K, 27 young (27648K), 4 survivors (4096K)
 Metaspace       used 52218K, capacity 52755K, committed 53040K, reserved 1095680K
  class space    used 7022K, capacity 7204K, committed 7296K, reserved 1048576K
}
Event: 13.936 GC heap after
{Heap after GC invocations=17 (full 0):
 garbage-first heap   total 61440K, used 26441K [0x0000000084e00000, 0x0000000100000000)
  region size 1024K, 4 young (4096K), 4 survivors (4096K)
 Metaspace       used 52218K, capacity 52755K, committed 53040K, reserved 1095680K
  class space    used 7022K, capacity 7204K, committed 7296K, reserved 1048576K
}

